<?xml version="1.0" encoding="utf-8"?><testsuites name="pytest tests"><testsuite name="pytest" errors="0" failures="0" skipped="0" tests="8" time="0.956" timestamp="2026-07-04T07:32:45.266295+00:00" hostname="agent-env-2e113c35-5698-488f-a3ea-3825fd445b3f"><testcase classname="tests.backend_test.TestHealth" name="test_root" time="0.217" /><testcase classname="tests.backend_test.TestContact" name="test_create_contact_success" time="0.220" /><testcase classname="tests.backend_test.TestHealth" name="test_health" time="0.047" /><testcase classname="tests.backend_test.TestContact" name="test_get_contact_list" time="0.046" /><testcase classname="tests.backend_test.TestContact" name="test_create_contact_missing_name" time="0.043" /><testcase classname="tests.backend_test.TestContact" name="test_create_contact_empty_message" time="0.041" /><testcase classname="tests.backend_test.TestContact" name="test_create_contact_invalid_email" time="0.046" /><testcase classname="tests.backend_test.TestContact" name="test_create_contact_all_missing" time="0.045" /></testsuite></testsuites>